<?xml version="1.0" encoding="UTF-8"?>
<!-- Generated by org.testng.reporters.JUnitReportReporter -->
<testsuite hostname="LAPTOP-QKUUBAT3" failures="0" tests="1" name="test.Testcls" time="1.675" errors="0" timestamp="2023-07-31T11:29:06 IST" skipped="0">
  <testcase classname="test.Testcls" name="test" time="1.675"/>
  <system-out/>
</testsuite> <!-- test.Testcls -->
